<?xml version="1.0" encoding="UTF-8"?>
<testsuite xmlns:xsi="http://www.w3.org/2001/XMLSchema-instance" xsi:noNamespaceSchemaLocation="https://maven.apache.org/surefire/maven-surefire-plugin/xsd/surefire-test-report-3.0.xsd" version="3.0" name="com.bank.BankMenuTest" time="1.837" tests="2" errors="0" skipped="0" failures="0">
  <properties>
[...]
</properties>
  <testcase name="testBankServiceDeposit" classname="com.bank.BankMenuTest" time="1.774">
    <system-out><![CDATA[Welcome Erika
Your ID:4


a) Check Balance
b) Deposit Amount
c) Withdraw Amount
d) Previous Transaction
e) Exit
********************************************
Choose an option


......................
Enter a amount to deposit :
......................


********************************************
Choose an option


......................
Balance =0.0
......................


********************************************
Choose an option


......................
Thank you for using our banking services
]]></system-out>
  </testcase>
  <testcase name="testBankServiceWithdraw" classname="com.bank.BankMenuTest" time="0.007">
    <system-out><![CDATA[Welcome Erika
Your ID:4


a) Check Balance
b) Deposit Amount
c) Withdraw Amount
d) Previous Transaction
e) Exit
********************************************
Choose an option


......................
Enter a amount to Withdraw :
......................


Exception thrown
********************************************
Choose an option


......................
Balance =0.0
......................


********************************************
Choose an option


......................
Thank you for using our banking services
]]></system-out>
  </testcase>
</testsuite>